c:\users\skillclass\desktop\ase loader\debug\simplesample.pch
c:\users\skillclass\desktop\ase loader\debug\vc140.pdb
c:\users\skillclass\desktop\ase loader\debug\vc140.idb
c:\users\skillclass\desktop\ase loader\debug\dxut.obj
c:\users\skillclass\desktop\ase loader\debug\cpyramid.obj
c:\users\skillclass\desktop\ase loader\debug\cobjloader.obj
c:\users\skillclass\desktop\ase loader\debug\cobject.obj
c:\users\skillclass\desktop\ase loader\debug\cmtltex.obj
c:\users\skillclass\desktop\ase loader\debug\cmaingame.obj
c:\users\skillclass\desktop\ase loader\debug\cheightmap.obj
c:\users\skillclass\desktop\ase loader\debug\cgroup.obj
c:\users\skillclass\desktop\ase loader\debug\cgrid.obj
c:\users\skillclass\desktop\ase loader\debug\cgameobject.obj
c:\users\skillclass\desktop\ase loader\debug\cfrustum.obj
c:\users\skillclass\desktop\ase loader\debug\cframe.obj
c:\users\skillclass\desktop\ase loader\debug\ccube.obj
c:\users\skillclass\desktop\ase loader\debug\ccharcontroller.obj
c:\users\skillclass\desktop\ase loader\debug\ccharacter.obj
c:\users\skillclass\desktop\ase loader\debug\ccamera.obj
c:\users\skillclass\desktop\ase loader\debug\caseloader.obj
c:\users\skillclass\desktop\ase loader\debug\cactionseq.obj
c:\users\skillclass\desktop\ase loader\debug\cactionrepeat.obj
c:\users\skillclass\desktop\ase loader\debug\cactionmove.obj
c:\users\skillclass\desktop\ase loader\debug\caction.obj
c:\users\skillclass\desktop\ase loader\debug\simplesample.obj
c:\users\skillclass\desktop\ase loader\debug\sdkmisc.obj
c:\users\skillclass\desktop\ase loader\debug\sdkmesh.obj
c:\users\skillclass\desktop\ase loader\debug\dxutsettingsdlg.obj
c:\users\skillclass\desktop\ase loader\debug\dxutres.obj
c:\users\skillclass\desktop\ase loader\debug\dxutgui.obj
c:\users\skillclass\desktop\ase loader\debug\dxutcamera.obj
c:\users\skillclass\desktop\ase loader\debug\dxutmisc.obj
c:\users\skillclass\desktop\ase loader\debug\dxutenum.obj
c:\users\skillclass\desktop\ase loader\debug\ctexturemanager.obj
c:\users\skillclass\desktop\ase loader\debug\cray.obj
c:\users\skillclass\desktop\ase loader\debug\shader.cso
c:\users\skillclass\desktop\ase loader\debug\simplesample.ilk
c:\users\skillclass\desktop\ase loader\debug\simplesample.exe
c:\users\skillclass\desktop\ase loader\debug\simplesample.pdb
c:\users\skillclass\desktop\ase loader\debug\simplesample.res
c:\users\skillclass\desktop\ase loader\debug\simplesample.tlog\cl.command.1.tlog
c:\users\skillclass\desktop\ase loader\debug\simplesample.tlog\cl.read.1.tlog
c:\users\skillclass\desktop\ase loader\debug\simplesample.tlog\cl.write.1.tlog
c:\users\skillclass\desktop\ase loader\debug\simplesample.tlog\fxc.command.1.tlog
c:\users\skillclass\desktop\ase loader\debug\simplesample.tlog\fxc.read.1.tlog
c:\users\skillclass\desktop\ase loader\debug\simplesample.tlog\fxc.write.1.tlog
c:\users\skillclass\desktop\ase loader\debug\simplesample.tlog\link.command.1.tlog
c:\users\skillclass\desktop\ase loader\debug\simplesample.tlog\link.read.1.tlog
c:\users\skillclass\desktop\ase loader\debug\simplesample.tlog\link.write.1.tlog
c:\users\skillclass\desktop\ase loader\debug\simplesample.tlog\rc.command.1.tlog
c:\users\skillclass\desktop\ase loader\debug\simplesample.tlog\rc.read.1.tlog
c:\users\skillclass\desktop\ase loader\debug\simplesample.tlog\rc.write.1.tlog
c:\users\skillclass\desktop\ase loader\debug\simplesample.tlog\simplesample.write.1u.tlog
